<?xml version="1.0" encoding="utf-8" standalone="no"?>
<!--This file represents the results of running a test suite-->
<test-results name="E:\Actions\VSS_SRC\App Source\Dot Net Products\Kaizos\UserManager\bin\Debug\UserManager.dll" total="1" errors="1" failures="0" not-run="0" inconclusive="0" ignored="0" skipped="0" invalid="0" date="2011-10-05" time="20:12:01">
  <environment nunit-version="2.5.10.11092" clr-version="2.0.50727.3082" os-version="Microsoft Windows NT 5.1.2600 Service Pack 3" platform="Win32NT" cwd="E:\Actions\VSS_SRC\App Source\Dot Net Products\Kaizos\KaizosServiceInvokers\bin\Debug" machine-name="CHN37" user="admin" user-domain="CHN37" />
  <culture-info current-culture="en-US" current-uiculture="en-US" />
  <test-suite type="Assembly" name="E:\Actions\VSS_SRC\App Source\Dot Net Products\Kaizos\UserManager\bin\Debug\UserManager.dll" executed="True" result="Failure" success="False" time="5.813" asserts="0">
    <results>
      <test-suite type="Namespace" name="Kaizos" executed="True" result="Failure" success="False" time="5.813" asserts="0">
        <results>
          <test-suite type="Namespace" name="Components" executed="True" result="Failure" success="False" time="5.813" asserts="0">
            <results>
              <test-suite type="Namespace" name="UnitTest" executed="True" result="Failure" success="False" time="5.813" asserts="0">
                <results>
                  <test-suite type="TestFixture" name="UserHandlerUnitTest" executed="True" result="Failure" success="False" time="5.813" asserts="0">
                    <results>
                      <test-case name="Kaizos.Components.UnitTest.UserHandlerUnitTest.TestInsertProfile" executed="True" result="Error" success="False" time="5.766" asserts="0">
                        <failure>
                          <message><![CDATA[System.Data.UpdateException : An error occurred while updating the entries. See the InnerException for details.
  ----> System.Data.SqlClient.SqlException : Violation of PRIMARY KEY constraint 'PK_PROFILE'. Cannot insert duplicate key in object 'dbo.PROFILE'.
The statement has been terminated.]]></message>
                          <stack-trace><![CDATA[at Kaizos.Components.UserManager.UserHandler.InsertProfile(PROFILE profile) in E:\Actions\VSS_SRC\App Source\Dot Net Products\Kaizos\UserManager\UserHandler.cs:line 45
at Kaizos.Components.UnitTest.UserHandlerUnitTest.TestInsertProfile() in E:\Actions\VSS_SRC\App Source\Dot Net Products\Kaizos\UserManager\UserHandlerUnitTest.cs:line 50
--SqlException
at System.Data.SqlClient.SqlConnection.OnError(SqlException exception, Boolean breakConnection)
at System.Data.SqlClient.SqlInternalConnection.OnError(SqlException exception, Boolean breakConnection)
at System.Data.SqlClient.TdsParser.ThrowExceptionAndWarning(TdsParserStateObject stateObj)
at System.Data.SqlClient.TdsParser.Run(RunBehavior runBehavior, SqlCommand cmdHandler, SqlDataReader dataStream, BulkCopySimpleResultSet bulkCopyHandler, TdsParserStateObject stateObj)
at System.Data.SqlClient.SqlCommand.FinishExecuteReader(SqlDataReader ds, RunBehavior runBehavior, String resetOptionsString)
at System.Data.SqlClient.SqlCommand.RunExecuteReaderTds(CommandBehavior cmdBehavior, RunBehavior runBehavior, Boolean returnStream, Boolean async)
at System.Data.SqlClient.SqlCommand.RunExecuteReader(CommandBehavior cmdBehavior, RunBehavior runBehavior, Boolean returnStream, String method, DbAsyncResult result)
at System.Data.SqlClient.SqlCommand.InternalExecuteNonQuery(DbAsyncResult result, String methodName, Boolean sendToPipe)
at System.Data.SqlClient.SqlCommand.ExecuteNonQuery()
at System.Data.Mapping.Update.Internal.DynamicUpdateCommand.Execute(UpdateTranslator translator, EntityConnection connection, Dictionary`2 identifierValues, List`1 generatedValues)
at System.Data.Mapping.Update.Internal.UpdateTranslator.Update(IEntityStateManager stateManager, IEntityAdapter adapter)
]]></stack-trace>
                        </failure>
                      </test-case>
                    </results>
                  </test-suite>
                </results>
              </test-suite>
            </results>
          </test-suite>
        </results>
      </test-suite>
    </results>
  </test-suite>
</test-results>