<?xml version="1.0" encoding="utf-8" standalone="no"?>
<!--This file represents the results of running a test suite-->
<test-results name="E:\Actions\VSS_SRC\App Source\Dot Net Products\Kaizos\KaizosServiceInvokers\bin\Debug\KaizosServiceInvokers.dll" total="1" errors="0" failures="0" not-run="0" inconclusive="0" ignored="0" skipped="0" invalid="0" date="2011-10-05" time="20:37:33">
  <environment nunit-version="2.5.10.11092" clr-version="2.0.50727.3082" os-version="Microsoft Windows NT 5.1.2600 Service Pack 3" platform="Win32NT" cwd="E:\Actions\VSS_SRC\App Source\Dot Net Products\Kaizos\KaizosServiceInvokers\bin\Debug" machine-name="CHN37" user="admin" user-domain="CHN37" />
  <culture-info current-culture="en-US" current-uiculture="en-US" />
  <test-suite type="Assembly" name="E:\Actions\VSS_SRC\App Source\Dot Net Products\Kaizos\KaizosServiceInvokers\bin\Debug\KaizosServiceInvokers.dll" executed="True" result="Success" success="True" time="11.844" asserts="0">
    <results>
      <test-suite type="Namespace" name="KaizosServiceInvokers" executed="True" result="Success" success="True" time="11.829" asserts="0">
        <results>
          <test-suite type="TestFixture" name="ServiceAgentUnitTest" executed="True" result="Success" success="True" time="11.829" asserts="0">
            <results>
              <test-case name="KaizosServiceInvokers.ServiceAgentUnitTest.TestInsertProfile" executed="True" result="Success" success="True" time="11.829" asserts="0" />
            </results>
          </test-suite>
        </results>
      </test-suite>
    </results>
  </test-suite>
</test-results>