<?xml version="1.0" encoding="UTF-8"?>
<TestRun id="59ed200b-9415-47bb-a721-54bc390d8f06" name="admin@CHN37 2011-10-03 20:34:44" runUser="CHN37\admin" xmlns="http://microsoft.com/schemas/VisualStudio/TeamTest/2006">
  <TestRunConfiguration name="Local Test Run" id="d53221a7-5a28-4b13-814e-ef354653190e">
    <Description>This is a default test run configuration for a local test run.</Description>
    <Deployment runDeploymentRoot="E:\Actions\VSS_SRC\App Source\Dot Net Products\Kaizos\TestResults\admin_CHN37 2011-10-03 20_34_44">
      <DeploymentItem filename="E:\Actions\VSS_SRC\App Source\Dot Net Products\Kaizos\KaizosServiceInvokers\bin\Debug\KaizosServiceInvokers.dll" />
    </Deployment>
    <TestTypeSpecific />
  </TestRunConfiguration>
  <ResultSummary outcome="Failed">
    <Counters total="10" executed="10" error="0" failed="10" timeout="0" aborted="0" inconclusive="0" passedButRunAborted="0" notRunnable="0" notExecuted="0" disconnected="0" warning="0" passed="0" completed="0" inProgress="0" pending="0" />
  </ResultSummary>
  <Times creation="2011-10-03T20:34:44.0283550+05:30" queuing="2011-10-03T20:34:50.5752719+05:30" start="2011-10-03T20:34:51.0752751+05:30" finish="2011-10-03T20:34:53.2315389+05:30" />
  <TestDefinitions>
    <UnitTest name="DeleteProfileTest" storage="e:\actions\vss_src\app source\dot net products\kaizos\kaizosunittest\bin\debug\kaizosunittest.dll" id="83a093dd-6e6f-fab3-eaf0-afafa4fdcfa4">
      <Css projectStructure="" iteration="" />
      <Owners>
        <Owner name="" />
      </Owners>
      <Execution id="73c577e0-3508-46fb-881c-1a34594dd503" />
      <TestMethod codeBase="E:\Actions\VSS_SRC\App Source\Dot Net Products\Kaizos\KaizosUnitTest\bin\Debug\KaizosUnitTest.dll" adapterTypeName="Microsoft.VisualStudio.TestTools.TestTypes.Unit.UnitTestAdapter, Microsoft.VisualStudio.QualityTools.Tips.UnitTest.Adapter, Version=9.0.0.0, Culture=neutral, PublicKeyToken=b03f5f7f11d50a3a" className="KaizosUnitTest.KaizosServiceAgentTest, KaizosUnitTest" name="DeleteProfileTest" />
    </UnitTest>
    <UnitTest name="UpdateProfileTest" storage="e:\actions\vss_src\app source\dot net products\kaizos\kaizosunittest\bin\debug\kaizosunittest.dll" id="16df078a-2222-b332-93ba-5290c3d572d3">
      <Css projectStructure="" iteration="" />
      <Owners>
        <Owner name="" />
      </Owners>
      <Execution id="5a31fd4e-066a-4198-9b2e-92d3df4deeaf" />
      <TestMethod codeBase="E:\Actions\VSS_SRC\App Source\Dot Net Products\Kaizos\KaizosUnitTest\bin\Debug\KaizosUnitTest.dll" adapterTypeName="Microsoft.VisualStudio.TestTools.TestTypes.Unit.UnitTestAdapter, Microsoft.VisualStudio.QualityTools.Tips.UnitTest.Adapter, Version=9.0.0.0, Culture=neutral, PublicKeyToken=b03f5f7f11d50a3a" className="KaizosUnitTest.KaizosServiceAgentTest, KaizosUnitTest" name="UpdateProfileTest" />
    </UnitTest>
    <UnitTest name="GetAllProfileFunctionsTest" storage="e:\actions\vss_src\app source\dot net products\kaizos\kaizosunittest\bin\debug\kaizosunittest.dll" id="43f622b2-4987-4f30-7dae-894b1d31ceda">
      <Css projectStructure="" iteration="" />
      <Owners>
        <Owner name="" />
      </Owners>
      <Execution id="fb311fb3-adf0-4912-89ba-e7d48b9e4aa0" />
      <TestMethod codeBase="E:\Actions\VSS_SRC\App Source\Dot Net Products\Kaizos\KaizosUnitTest\bin\Debug\KaizosUnitTest.dll" adapterTypeName="Microsoft.VisualStudio.TestTools.TestTypes.Unit.UnitTestAdapter, Microsoft.VisualStudio.QualityTools.Tips.UnitTest.Adapter, Version=9.0.0.0, Culture=neutral, PublicKeyToken=b03f5f7f11d50a3a" className="KaizosUnitTest.KaizosServiceAgentTest, KaizosUnitTest" name="GetAllProfileFunctionsTest" />
    </UnitTest>
    <UnitTest name="UpdateFunctionalityTest" storage="e:\actions\vss_src\app source\dot net products\kaizos\kaizosunittest\bin\debug\kaizosunittest.dll" id="62d9547e-4991-c36c-7ceb-cfb528413e30">
      <Css projectStructure="" iteration="" />
      <Owners>
        <Owner name="" />
      </Owners>
      <Execution id="91bbc3ad-8e2e-4aa0-90bc-437bc2b68c08" />
      <TestMethod codeBase="E:\Actions\VSS_SRC\App Source\Dot Net Products\Kaizos\KaizosUnitTest\bin\Debug\KaizosUnitTest.dll" adapterTypeName="Microsoft.VisualStudio.TestTools.TestTypes.Unit.UnitTestAdapter, Microsoft.VisualStudio.QualityTools.Tips.UnitTest.Adapter, Version=9.0.0.0, Culture=neutral, PublicKeyToken=b03f5f7f11d50a3a" className="KaizosUnitTest.KaizosServiceAgentTest, KaizosUnitTest" name="UpdateFunctionalityTest" />
    </UnitTest>
    <UnitTest name="InserProfileTest" storage="e:\actions\vss_src\app source\dot net products\kaizos\kaizosunittest\bin\debug\kaizosunittest.dll" id="338bf082-dab1-a038-b2a3-95fd173b54ba">
      <Css projectStructure="" iteration="" />
      <Owners>
        <Owner name="" />
      </Owners>
      <Execution id="2f15f099-4c75-468c-89f6-881bcc5f7f47" />
      <TestMethod codeBase="E:\Actions\VSS_SRC\App Source\Dot Net Products\Kaizos\KaizosUnitTest\bin\Debug\KaizosUnitTest.dll" adapterTypeName="Microsoft.VisualStudio.TestTools.TestTypes.Unit.UnitTestAdapter, Microsoft.VisualStudio.QualityTools.Tips.UnitTest.Adapter, Version=9.0.0.0, Culture=neutral, PublicKeyToken=b03f5f7f11d50a3a" className="KaizosUnitTest.KaizosServiceAgentTest, KaizosUnitTest" name="InserProfileTest" />
    </UnitTest>
    <UnitTest name="GetToSTest" storage="e:\actions\vss_src\app source\dot net products\kaizos\kaizosunittest\bin\debug\kaizosunittest.dll" id="634a875f-e2a5-3357-6cf2-ba5d27bbfab4">
      <Css projectStructure="" iteration="" />
      <Owners>
        <Owner name="" />
      </Owners>
      <Execution id="76760cdf-e42c-4e00-9657-4092a32be9f4" />
      <TestMethod codeBase="E:\Actions\VSS_SRC\App Source\Dot Net Products\Kaizos\KaizosUnitTest\bin\Debug\KaizosUnitTest.dll" adapterTypeName="Microsoft.VisualStudio.TestTools.TestTypes.Unit.UnitTestAdapter, Microsoft.VisualStudio.QualityTools.Tips.UnitTest.Adapter, Version=9.0.0.0, Culture=neutral, PublicKeyToken=b03f5f7f11d50a3a" className="KaizosUnitTest.KaizosServiceAgentTest, KaizosUnitTest" name="GetToSTest" />
    </UnitTest>
    <UnitTest name="UpdateProfileFunctionsTest" storage="e:\actions\vss_src\app source\dot net products\kaizos\kaizosunittest\bin\debug\kaizosunittest.dll" id="7fba4c11-cf5f-a038-8f66-a7ca8b4b376d">
      <Css projectStructure="" iteration="" />
      <Owners>
        <Owner name="" />
      </Owners>
      <Execution id="cd67f41b-ba59-4c8f-9ccd-905577520938" />
      <TestMethod codeBase="E:\Actions\VSS_SRC\App Source\Dot Net Products\Kaizos\KaizosUnitTest\bin\Debug\KaizosUnitTest.dll" adapterTypeName="Microsoft.VisualStudio.TestTools.TestTypes.Unit.UnitTestAdapter, Microsoft.VisualStudio.QualityTools.Tips.UnitTest.Adapter, Version=9.0.0.0, Culture=neutral, PublicKeyToken=b03f5f7f11d50a3a" className="KaizosUnitTest.KaizosServiceAgentTest, KaizosUnitTest" name="UpdateProfileFunctionsTest" />
    </UnitTest>
    <UnitTest name="DeleteFunctionalityTest" storage="e:\actions\vss_src\app source\dot net products\kaizos\kaizosunittest\bin\debug\kaizosunittest.dll" id="141c03a0-0fb9-62f8-5b8b-6db39e67b30a">
      <Css projectStructure="" iteration="" />
      <Owners>
        <Owner name="" />
      </Owners>
      <Execution id="68b9686d-aa5f-4542-8032-f16a91665c10" />
      <TestMethod codeBase="E:\Actions\VSS_SRC\App Source\Dot Net Products\Kaizos\KaizosUnitTest\bin\Debug\KaizosUnitTest.dll" adapterTypeName="Microsoft.VisualStudio.TestTools.TestTypes.Unit.UnitTestAdapter, Microsoft.VisualStudio.QualityTools.Tips.UnitTest.Adapter, Version=9.0.0.0, Culture=neutral, PublicKeyToken=b03f5f7f11d50a3a" className="KaizosUnitTest.KaizosServiceAgentTest, KaizosUnitTest" name="DeleteFunctionalityTest" />
    </UnitTest>
    <UnitTest name="InsertToSTest" storage="e:\actions\vss_src\app source\dot net products\kaizos\kaizosunittest\bin\debug\kaizosunittest.dll" id="2eac8da1-c0e3-a52e-48cf-8283b37ba0c5">
      <Css projectStructure="" iteration="" />
      <Owners>
        <Owner name="" />
      </Owners>
      <Execution id="e4fb7156-7b46-448e-9b15-45c405760ea7" />
      <TestMethod codeBase="E:\Actions\VSS_SRC\App Source\Dot Net Products\Kaizos\KaizosUnitTest\bin\Debug\KaizosUnitTest.dll" adapterTypeName="Microsoft.VisualStudio.TestTools.TestTypes.Unit.UnitTestAdapter, Microsoft.VisualStudio.QualityTools.Tips.UnitTest.Adapter, Version=9.0.0.0, Culture=neutral, PublicKeyToken=b03f5f7f11d50a3a" className="KaizosUnitTest.KaizosServiceAgentTest, KaizosUnitTest" name="InsertToSTest" />
    </UnitTest>
    <UnitTest name="InsertFunctionaltyTest" storage="e:\actions\vss_src\app source\dot net products\kaizos\kaizosunittest\bin\debug\kaizosunittest.dll" id="d75c7396-5ada-f5d0-0ea1-865b0dbfe1e0">
      <Css projectStructure="" iteration="" />
      <Owners>
        <Owner name="" />
      </Owners>
      <Execution id="e22e371d-6809-4827-9fc5-788e5d3f37db" />
      <TestMethod codeBase="E:\Actions\VSS_SRC\App Source\Dot Net Products\Kaizos\KaizosUnitTest\bin\Debug\KaizosUnitTest.dll" adapterTypeName="Microsoft.VisualStudio.TestTools.TestTypes.Unit.UnitTestAdapter, Microsoft.VisualStudio.QualityTools.Tips.UnitTest.Adapter, Version=9.0.0.0, Culture=neutral, PublicKeyToken=b03f5f7f11d50a3a" className="KaizosUnitTest.KaizosServiceAgentTest, KaizosUnitTest" name="InsertFunctionaltyTest" />
    </UnitTest>
  </TestDefinitions>
  <TestLists>
    <TestList name="Results Not in a List" id="8c84fa94-04c1-424b-9868-57a2d4851a1d" />
    <TestList name="All Loaded Results" id="19431567-8539-422a-85d7-44ee4e166bda" />
  </TestLists>
  <TestEntries>
    <TestEntry testId="7fba4c11-cf5f-a038-8f66-a7ca8b4b376d" executionId="cd67f41b-ba59-4c8f-9ccd-905577520938" testListId="8c84fa94-04c1-424b-9868-57a2d4851a1d" />
    <TestEntry testId="16df078a-2222-b332-93ba-5290c3d572d3" executionId="5a31fd4e-066a-4198-9b2e-92d3df4deeaf" testListId="8c84fa94-04c1-424b-9868-57a2d4851a1d" />
    <TestEntry testId="62d9547e-4991-c36c-7ceb-cfb528413e30" executionId="91bbc3ad-8e2e-4aa0-90bc-437bc2b68c08" testListId="8c84fa94-04c1-424b-9868-57a2d4851a1d" />
    <TestEntry testId="2eac8da1-c0e3-a52e-48cf-8283b37ba0c5" executionId="e4fb7156-7b46-448e-9b15-45c405760ea7" testListId="8c84fa94-04c1-424b-9868-57a2d4851a1d" />
    <TestEntry testId="d75c7396-5ada-f5d0-0ea1-865b0dbfe1e0" executionId="e22e371d-6809-4827-9fc5-788e5d3f37db" testListId="8c84fa94-04c1-424b-9868-57a2d4851a1d" />
    <TestEntry testId="338bf082-dab1-a038-b2a3-95fd173b54ba" executionId="2f15f099-4c75-468c-89f6-881bcc5f7f47" testListId="8c84fa94-04c1-424b-9868-57a2d4851a1d" />
    <TestEntry testId="634a875f-e2a5-3357-6cf2-ba5d27bbfab4" executionId="76760cdf-e42c-4e00-9657-4092a32be9f4" testListId="8c84fa94-04c1-424b-9868-57a2d4851a1d" />
    <TestEntry testId="43f622b2-4987-4f30-7dae-894b1d31ceda" executionId="fb311fb3-adf0-4912-89ba-e7d48b9e4aa0" testListId="8c84fa94-04c1-424b-9868-57a2d4851a1d" />
    <TestEntry testId="83a093dd-6e6f-fab3-eaf0-afafa4fdcfa4" executionId="73c577e0-3508-46fb-881c-1a34594dd503" testListId="8c84fa94-04c1-424b-9868-57a2d4851a1d" />
    <TestEntry testId="141c03a0-0fb9-62f8-5b8b-6db39e67b30a" executionId="68b9686d-aa5f-4542-8032-f16a91665c10" testListId="8c84fa94-04c1-424b-9868-57a2d4851a1d" />
  </TestEntries>
  <Results>
    <UnitTestResult executionId="cd67f41b-ba59-4c8f-9ccd-905577520938" testId="7fba4c11-cf5f-a038-8f66-a7ca8b4b376d" testName="UpdateProfileFunctionsTest" computerName="CHN37" duration="00:00:00.5729001" startTime="2011-10-03T20:34:51.2159010+05:30" endTime="2011-10-03T20:34:52.7315357+05:30" testType="13cdc9d9-ddb5-4fa4-a97d-d965ccfc6d4b" outcome="Failed" testListId="8c84fa94-04c1-424b-9868-57a2d4851a1d">
      <Output>
        <ErrorInfo>
          <Message>Test method KaizosUnitTest.KaizosServiceAgentTest.UpdateProfileFunctionsTest threw exception:  System.NullReferenceException: Object reference not set to an instance of an object..</Message>
          <StackTrace>    at KaizosServiceInvokers.KaizosServiceAgent.UpdateProfileFunctions(ProfileFunctions[] profileFunctions) in E:\Actions\VSS_SRC\App Source\Dot Net Products\Kaizos\KaizosServiceInvokers\KaizosServiceAgent.cs:line 262
   at KaizosUnitTest.KaizosServiceAgentTest.UpdateProfileFunctionsTest() in E:\Actions\VSS_SRC\App Source\Dot Net Products\Kaizos\KaizosUnitTest\KaizosServiceAgentTest.cs:line 77
</StackTrace>
        </ErrorInfo>
      </Output>
    </UnitTestResult>
    <UnitTestResult executionId="5a31fd4e-066a-4198-9b2e-92d3df4deeaf" testId="16df078a-2222-b332-93ba-5290c3d572d3" testName="UpdateProfileTest" computerName="CHN37" duration="00:00:00.0223475" startTime="2011-10-03T20:34:52.7784110+05:30" endTime="2011-10-03T20:34:52.8096612+05:30" testType="13cdc9d9-ddb5-4fa4-a97d-d965ccfc6d4b" outcome="Failed" testListId="8c84fa94-04c1-424b-9868-57a2d4851a1d">
      <Output>
        <ErrorInfo>
          <Message>Test method KaizosUnitTest.KaizosServiceAgentTest.UpdateProfileTest threw exception:  System.NullReferenceException: Object reference not set to an instance of an object..</Message>
          <StackTrace>    at KaizosServiceInvokers.KaizosServiceAgent.UpdateProfile(Profile profile) in E:\Actions\VSS_SRC\App Source\Dot Net Products\Kaizos\KaizosServiceInvokers\KaizosServiceAgent.cs:line 113
   at KaizosUnitTest.KaizosServiceAgentTest.UpdateProfileTest() in E:\Actions\VSS_SRC\App Source\Dot Net Products\Kaizos\KaizosUnitTest\KaizosServiceAgentTest.cs:line 92
</StackTrace>
        </ErrorInfo>
      </Output>
    </UnitTestResult>
    <UnitTestResult executionId="91bbc3ad-8e2e-4aa0-90bc-437bc2b68c08" testId="62d9547e-4991-c36c-7ceb-cfb528413e30" testName="UpdateFunctionalityTest" computerName="CHN37" duration="00:00:00.0211512" startTime="2011-10-03T20:34:52.8252863+05:30" endTime="2011-10-03T20:34:52.8409114+05:30" testType="13cdc9d9-ddb5-4fa4-a97d-d965ccfc6d4b" outcome="Failed" testListId="8c84fa94-04c1-424b-9868-57a2d4851a1d">
      <Output>
        <ErrorInfo>
          <Message>Test method KaizosUnitTest.KaizosServiceAgentTest.UpdateFunctionalityTest threw exception:  System.NullReferenceException: Object reference not set to an instance of an object..</Message>
          <StackTrace>    at KaizosServiceInvokers.KaizosServiceAgent.UpdateFunctionality(Functionality functionality) in E:\Actions\VSS_SRC\App Source\Dot Net Products\Kaizos\KaizosServiceInvokers\KaizosServiceAgent.cs:line 202
   at KaizosUnitTest.KaizosServiceAgentTest.UpdateFunctionalityTest() in E:\Actions\VSS_SRC\App Source\Dot Net Products\Kaizos\KaizosUnitTest\KaizosServiceAgentTest.cs:line 107
</StackTrace>
        </ErrorInfo>
      </Output>
    </UnitTestResult>
    <UnitTestResult executionId="e4fb7156-7b46-448e-9b15-45c405760ea7" testId="2eac8da1-c0e3-a52e-48cf-8283b37ba0c5" testName="InsertToSTest" computerName="CHN37" duration="00:00:00.0211392" startTime="2011-10-03T20:34:52.8565365+05:30" endTime="2011-10-03T20:34:52.8877867+05:30" testType="13cdc9d9-ddb5-4fa4-a97d-d965ccfc6d4b" outcome="Failed" testListId="8c84fa94-04c1-424b-9868-57a2d4851a1d">
      <Output>
        <ErrorInfo>
          <Message>Test method KaizosUnitTest.KaizosServiceAgentTest.InsertToSTest threw exception:  System.NullReferenceException: Object reference not set to an instance of an object..</Message>
          <StackTrace>    at KaizosServiceInvokers.KaizosServiceAgent.InsertToS(ToS tos) in E:\Actions\VSS_SRC\App Source\Dot Net Products\Kaizos\KaizosServiceInvokers\KaizosServiceAgent.cs:line 32
   at KaizosUnitTest.KaizosServiceAgentTest.InsertToSTest() in E:\Actions\VSS_SRC\App Source\Dot Net Products\Kaizos\KaizosUnitTest\KaizosServiceAgentTest.cs:line 122
</StackTrace>
        </ErrorInfo>
      </Output>
    </UnitTestResult>
    <UnitTestResult executionId="e22e371d-6809-4827-9fc5-788e5d3f37db" testId="d75c7396-5ada-f5d0-0ea1-865b0dbfe1e0" testName="InsertFunctionaltyTest" computerName="CHN37" duration="00:00:00.0210037" startTime="2011-10-03T20:34:52.9034118+05:30" endTime="2011-10-03T20:34:52.9346620+05:30" testType="13cdc9d9-ddb5-4fa4-a97d-d965ccfc6d4b" outcome="Failed" testListId="8c84fa94-04c1-424b-9868-57a2d4851a1d">
      <Output>
        <ErrorInfo>
          <Message>Test method KaizosUnitTest.KaizosServiceAgentTest.InsertFunctionaltyTest threw exception:  System.NullReferenceException: Object reference not set to an instance of an object..</Message>
          <StackTrace>    at KaizosServiceInvokers.KaizosServiceAgent.InsertFunctionalty(Functionality functionality) in E:\Actions\VSS_SRC\App Source\Dot Net Products\Kaizos\KaizosServiceInvokers\KaizosServiceAgent.cs:line 173
   at KaizosUnitTest.KaizosServiceAgentTest.InsertFunctionaltyTest() in E:\Actions\VSS_SRC\App Source\Dot Net Products\Kaizos\KaizosUnitTest\KaizosServiceAgentTest.cs:line 137
</StackTrace>
        </ErrorInfo>
      </Output>
    </UnitTestResult>
    <UnitTestResult executionId="2f15f099-4c75-468c-89f6-881bcc5f7f47" testId="338bf082-dab1-a038-b2a3-95fd173b54ba" testName="InserProfileTest" computerName="CHN37" duration="00:00:00.0214792" startTime="2011-10-03T20:34:52.9346620+05:30" endTime="2011-10-03T20:34:52.9659122+05:30" testType="13cdc9d9-ddb5-4fa4-a97d-d965ccfc6d4b" outcome="Failed" testListId="8c84fa94-04c1-424b-9868-57a2d4851a1d">
      <Output>
        <ErrorInfo>
          <Message>Test method KaizosUnitTest.KaizosServiceAgentTest.InserProfileTest threw exception:  System.NullReferenceException: Object reference not set to an instance of an object..</Message>
          <StackTrace>    at KaizosServiceInvokers.KaizosServiceAgent.InserProfile(Profile profile) in E:\Actions\VSS_SRC\App Source\Dot Net Products\Kaizos\KaizosServiceInvokers\KaizosServiceAgent.cs:line 85
   at KaizosUnitTest.KaizosServiceAgentTest.InserProfileTest() in E:\Actions\VSS_SRC\App Source\Dot Net Products\Kaizos\KaizosUnitTest\KaizosServiceAgentTest.cs:line 152
</StackTrace>
        </ErrorInfo>
      </Output>
    </UnitTestResult>
    <UnitTestResult executionId="76760cdf-e42c-4e00-9657-4092a32be9f4" testId="634a875f-e2a5-3357-6cf2-ba5d27bbfab4" testName="GetToSTest" computerName="CHN37" duration="00:00:00.0209627" startTime="2011-10-03T20:34:52.9815373+05:30" endTime="2011-10-03T20:34:52.9971624+05:30" testType="13cdc9d9-ddb5-4fa4-a97d-d965ccfc6d4b" outcome="Failed" testListId="8c84fa94-04c1-424b-9868-57a2d4851a1d">
      <Output>
        <ErrorInfo>
          <Message>Test method KaizosUnitTest.KaizosServiceAgentTest.GetToSTest threw exception:  System.NullReferenceException: Object reference not set to an instance of an object..</Message>
          <StackTrace>    at KaizosServiceInvokers.KaizosServiceAgent.GetToS() in E:\Actions\VSS_SRC\App Source\Dot Net Products\Kaizos\KaizosServiceInvokers\KaizosServiceAgent.cs:line 55
   at KaizosUnitTest.KaizosServiceAgentTest.GetToSTest() in E:\Actions\VSS_SRC\App Source\Dot Net Products\Kaizos\KaizosUnitTest\KaizosServiceAgentTest.cs:line 166
</StackTrace>
        </ErrorInfo>
      </Output>
    </UnitTestResult>
    <UnitTestResult executionId="fb311fb3-adf0-4912-89ba-e7d48b9e4aa0" testId="43f622b2-4987-4f30-7dae-894b1d31ceda" testName="GetAllProfileFunctionsTest" computerName="CHN37" duration="00:00:00.0245447" startTime="2011-10-03T20:34:53.0127875+05:30" endTime="2011-10-03T20:34:53.0440377+05:30" testType="13cdc9d9-ddb5-4fa4-a97d-d965ccfc6d4b" outcome="Failed" testListId="8c84fa94-04c1-424b-9868-57a2d4851a1d">
      <Output>
        <ErrorInfo>
          <Message>Test method KaizosUnitTest.KaizosServiceAgentTest.GetAllProfileFunctionsTest threw exception:  System.NullReferenceException: Object reference not set to an instance of an object..</Message>
          <StackTrace>    at KaizosServiceInvokers.KaizosServiceAgent.GetAllProfileFunctions() in E:\Actions\VSS_SRC\App Source\Dot Net Products\Kaizos\KaizosServiceInvokers\KaizosServiceAgent.cs:line 291
   at KaizosUnitTest.KaizosServiceAgentTest.GetAllProfileFunctionsTest() in E:\Actions\VSS_SRC\App Source\Dot Net Products\Kaizos\KaizosUnitTest\KaizosServiceAgentTest.cs:line 180
</StackTrace>
        </ErrorInfo>
      </Output>
    </UnitTestResult>
    <UnitTestResult executionId="73c577e0-3508-46fb-881c-1a34594dd503" testId="83a093dd-6e6f-fab3-eaf0-afafa4fdcfa4" testName="DeleteProfileTest" computerName="CHN37" duration="00:00:00.0206570" startTime="2011-10-03T20:34:53.0440377+05:30" endTime="2011-10-03T20:34:53.0752879+05:30" testType="13cdc9d9-ddb5-4fa4-a97d-d965ccfc6d4b" outcome="Failed" testListId="8c84fa94-04c1-424b-9868-57a2d4851a1d">
      <Output>
        <ErrorInfo>
          <Message>Test method KaizosUnitTest.KaizosServiceAgentTest.DeleteProfileTest threw exception:  System.NullReferenceException: Object reference not set to an instance of an object..</Message>
          <StackTrace>    at KaizosServiceInvokers.KaizosServiceAgent.DeleteProfile(Int32 profileCode) in E:\Actions\VSS_SRC\App Source\Dot Net Products\Kaizos\KaizosServiceInvokers\KaizosServiceAgent.cs:line 141
   at KaizosUnitTest.KaizosServiceAgentTest.DeleteProfileTest() in E:\Actions\VSS_SRC\App Source\Dot Net Products\Kaizos\KaizosUnitTest\KaizosServiceAgentTest.cs:line 195
</StackTrace>
        </ErrorInfo>
      </Output>
    </UnitTestResult>
    <UnitTestResult executionId="68b9686d-aa5f-4542-8032-f16a91665c10" testId="141c03a0-0fb9-62f8-5b8b-6db39e67b30a" testName="DeleteFunctionalityTest" computerName="CHN37" duration="00:00:00.0208149" startTime="2011-10-03T20:34:53.0909130+05:30" endTime="2011-10-03T20:34:53.1221632+05:30" testType="13cdc9d9-ddb5-4fa4-a97d-d965ccfc6d4b" outcome="Failed" testListId="8c84fa94-04c1-424b-9868-57a2d4851a1d">
      <Output>
        <ErrorInfo>
          <Message>Test method KaizosUnitTest.KaizosServiceAgentTest.DeleteFunctionalityTest threw exception:  System.NullReferenceException: Object reference not set to an instance of an object..</Message>
          <StackTrace>    at KaizosServiceInvokers.KaizosServiceAgent.DeleteFunctionality(Int32 functionalCode) in E:\Actions\VSS_SRC\App Source\Dot Net Products\Kaizos\KaizosServiceInvokers\KaizosServiceAgent.cs:line 230
   at KaizosUnitTest.KaizosServiceAgentTest.DeleteFunctionalityTest() in E:\Actions\VSS_SRC\App Source\Dot Net Products\Kaizos\KaizosUnitTest\KaizosServiceAgentTest.cs:line 210
</StackTrace>
        </ErrorInfo>
      </Output>
    </UnitTestResult>
  </Results>
</TestRun>